This is pdfTeX, Version 3.14159265-2.6-1.40.18 (TeX Live 2017) (preloaded format=pdflatex 2017.8.12)  28 MAR 2019 23:01
entering extended mode
 restricted \write18 enabled.
 file:line:error style messages enabled.
 %&-line parsing enabled.
**conference_041818.tex
(./conference_041818.tex
LaTeX2e <2017-04-15>
Babel <3.10> and hyphenation patterns for 84 language(s) loaded.
(./IEEEtran.cls
Document Class: IEEEtran 2015/08/26 V1.8b by Michael Shell
-- See the "IEEEtran_HOWTO" manual for usage information.
-- http://www.michaelshell.org/tex/ieeetran/
\@IEEEtrantmpdimenA=\dimen102
\@IEEEtrantmpdimenB=\dimen103
\@IEEEtrantmpdimenC=\dimen104
\@IEEEtrantmpcountA=\count79
\@IEEEtrantmpcountB=\count80
\@IEEEtrantmpcountC=\count81
\@IEEEtrantmptoksA=\toks14
LaTeX Font Info:    Try loading font information for OT1+ptm on input line 503.

(/usr/local/texlive/2017/texmf-dist/tex/latex/psnfss/ot1ptm.fd
File: ot1ptm.fd 2001/06/04 font definitions for OT1/ptm.
)
-- Using 8.5in x 11in (letter) paper.
-- Using PDF output.
\@IEEEnormalsizeunitybaselineskip=\dimen105
-- This is a 10 point document.
\CLASSINFOnormalsizebaselineskip=\dimen106
\CLASSINFOnormalsizeunitybaselineskip=\dimen107
\IEEEnormaljot=\dimen108
LaTeX Font Info:    Font shape `OT1/ptm/bx/n' in size <5> not available
(Font)              Font shape `OT1/ptm/b/n' tried instead on input line 1090.
LaTeX Font Info:    Font shape `OT1/ptm/bx/it' in size <5> not available
(Font)              Font shape `OT1/ptm/b/it' tried instead on input line 1090.

LaTeX Font Info:    Font shape `OT1/ptm/bx/n' in size <7> not available
(Font)              Font shape `OT1/ptm/b/n' tried instead on input line 1090.
LaTeX Font Info:    Font shape `OT1/ptm/bx/it' in size <7> not available
(Font)              Font shape `OT1/ptm/b/it' tried instead on input line 1090.

LaTeX Font Info:    Font shape `OT1/ptm/bx/n' in size <8> not available
(Font)              Font shape `OT1/ptm/b/n' tried instead on input line 1090.
LaTeX Font Info:    Font shape `OT1/ptm/bx/it' in size <8> not available
(Font)              Font shape `OT1/ptm/b/it' tried instead on input line 1090.

LaTeX Font Info:    Font shape `OT1/ptm/bx/n' in size <9> not available
(Font)              Font shape `OT1/ptm/b/n' tried instead on input line 1090.
LaTeX Font Info:    Font shape `OT1/ptm/bx/it' in size <9> not available
(Font)              Font shape `OT1/ptm/b/it' tried instead on input line 1090.

LaTeX Font Info:    Font shape `OT1/ptm/bx/n' in size <10> not available
(Font)              Font shape `OT1/ptm/b/n' tried instead on input line 1090.
LaTeX Font Info:    Font shape `OT1/ptm/bx/it' in size <10> not available
(Font)              Font shape `OT1/ptm/b/it' tried instead on input line 1090.

LaTeX Font Info:    Font shape `OT1/ptm/bx/n' in size <11> not available
(Font)              Font shape `OT1/ptm/b/n' tried instead on input line 1090.
LaTeX Font Info:    Font shape `OT1/ptm/bx/it' in size <11> not available
(Font)              Font shape `OT1/ptm/b/it' tried instead on input line 1090.

LaTeX Font Info:    Font shape `OT1/ptm/bx/n' in size <12> not available
(Font)              Font shape `OT1/ptm/b/n' tried instead on input line 1090.
LaTeX Font Info:    Font shape `OT1/ptm/bx/it' in size <12> not available
(Font)              Font shape `OT1/ptm/b/it' tried instead on input line 1090.

LaTeX Font Info:    Font shape `OT1/ptm/bx/n' in size <17> not available
(Font)              Font shape `OT1/ptm/b/n' tried instead on input line 1090.
LaTeX Font Info:    Font shape `OT1/ptm/bx/it' in size <17> not available
(Font)              Font shape `OT1/ptm/b/it' tried instead on input line 1090.

LaTeX Font Info:    Font shape `OT1/ptm/bx/n' in size <20> not available
(Font)              Font shape `OT1/ptm/b/n' tried instead on input line 1090.
LaTeX Font Info:    Font shape `OT1/ptm/bx/it' in size <20> not available
(Font)              Font shape `OT1/ptm/b/it' tried instead on input line 1090.

LaTeX Font Info:    Font shape `OT1/ptm/bx/n' in size <24> not available
(Font)              Font shape `OT1/ptm/b/n' tried instead on input line 1090.
LaTeX Font Info:    Font shape `OT1/ptm/bx/it' in size <24> not available
(Font)              Font shape `OT1/ptm/b/it' tried instead on input line 1090.

\IEEEquantizedlength=\dimen109
\IEEEquantizedlengthdiff=\dimen110
\IEEEquantizedtextheightdiff=\dimen111
\IEEEilabelindentA=\dimen112
\IEEEilabelindentB=\dimen113
\IEEEilabelindent=\dimen114
\IEEEelabelindent=\dimen115
\IEEEdlabelindent=\dimen116
\IEEElabelindent=\dimen117
\IEEEiednormlabelsep=\dimen118
\IEEEiedmathlabelsep=\dimen119
\IEEEiedtopsep=\skip41
\c@section=\count82
\c@subsection=\count83
\c@subsubsection=\count84
\c@paragraph=\count85
\c@IEEEsubequation=\count86
\abovecaptionskip=\skip42
\belowcaptionskip=\skip43
\c@figure=\count87
\c@table=\count88
\@IEEEeqnnumcols=\count89
\@IEEEeqncolcnt=\count90
\@IEEEsubeqnnumrollback=\count91
\@IEEEquantizeheightA=\dimen120
\@IEEEquantizeheightB=\dimen121
\@IEEEquantizeheightC=\dimen122
\@IEEEquantizeprevdepth=\dimen123
\@IEEEquantizemultiple=\count92
\@IEEEquantizeboxA=\box26
\@IEEEtmpitemindent=\dimen124
\IEEEPARstartletwidth=\dimen125
\c@IEEEbiography=\count93
\@IEEEtranrubishbin=\box27
)
** ATTENTION: Overriding command lockouts (line 2).
(/usr/local/texlive/2017/texmf-dist/tex/latex/cite/cite.sty
LaTeX Info: Redefining \cite on input line 302.
LaTeX Info: Redefining \nocite on input line 332.
Package: cite 2015/02/27  v 5.5
)
(/usr/local/texlive/2017/texmf-dist/tex/latex/amsmath/amsmath.sty
Package: amsmath 2016/11/05 v2.16a AMS math features
\@mathmargin=\skip44

For additional information on amsmath, use the `?' option.
(/usr/local/texlive/2017/texmf-dist/tex/latex/amsmath/amstext.sty
Package: amstext 2000/06/29 v2.01 AMS text

(/usr/local/texlive/2017/texmf-dist/tex/latex/amsmath/amsgen.sty
File: amsgen.sty 1999/11/30 v2.0 generic functions
\@emptytoks=\toks15
\ex@=\dimen126
))
(/usr/local/texlive/2017/texmf-dist/tex/latex/amsmath/amsbsy.sty
Package: amsbsy 1999/11/29 v1.2d Bold Symbols
\pmbraise@=\dimen127
)
(/usr/local/texlive/2017/texmf-dist/tex/latex/amsmath/amsopn.sty
Package: amsopn 2016/03/08 v2.02 operator names
)
\inf@bad=\count94
LaTeX Info: Redefining \frac on input line 213.
\uproot@=\count95
\leftroot@=\count96
LaTeX Info: Redefining \overline on input line 375.
\classnum@=\count97
\DOTSCASE@=\count98
LaTeX Info: Redefining \ldots on input line 472.
LaTeX Info: Redefining \dots on input line 475.
LaTeX Info: Redefining \cdots on input line 596.
\Mathstrutbox@=\box28
\strutbox@=\box29
\big@size=\dimen128
LaTeX Font Info:    Redeclaring font encoding OML on input line 712.
LaTeX Font Info:    Redeclaring font encoding OMS on input line 713.
\macc@depth=\count99
\c@MaxMatrixCols=\count100
\dotsspace@=\muskip10
\c@parentequation=\count101
\dspbrk@lvl=\count102
\tag@help=\toks16
\row@=\count103
\column@=\count104
\maxfields@=\count105
\andhelp@=\toks17
\eqnshift@=\dimen129
\alignsep@=\dimen130
\tagshift@=\dimen131
\tagwidth@=\dimen132
\totwidth@=\dimen133
\lineht@=\dimen134
\@envbody=\toks18
\multlinegap=\skip45
\multlinetaggap=\skip46
\mathdisplay@stack=\toks19
LaTeX Info: Redefining \[ on input line 2817.
LaTeX Info: Redefining \] on input line 2818.
)
(/usr/local/texlive/2017/texmf-dist/tex/latex/amsfonts/amssymb.sty
Package: amssymb 2013/01/14 v3.01 AMS font symbols

(/usr/local/texlive/2017/texmf-dist/tex/latex/amsfonts/amsfonts.sty
Package: amsfonts 2013/01/14 v3.01 Basic AMSFonts support
\symAMSa=\mathgroup4
\symAMSb=\mathgroup5
LaTeX Font Info:    Overwriting math alphabet `\mathfrak' in version `bold'
(Font)                  U/euf/m/n --> U/euf/b/n on input line 106.
))
(/usr/local/texlive/2017/texmf-dist/tex/latex/algorithms/algorithm.sty
Package: algorithm 2009/08/24 v0.1 Document Style `algorithm' - floating enviro
nment

(/usr/local/texlive/2017/texmf-dist/tex/latex/float/float.sty
Package: float 2001/11/08 v1.3d Float enhancements (AL)
\c@float@type=\count106
\float@exts=\toks20
\float@box=\box30
\@float@everytoks=\toks21
\@floatcapt=\box31
)
(/usr/local/texlive/2017/texmf-dist/tex/latex/base/ifthen.sty
Package: ifthen 2014/09/29 v1.1c Standard LaTeX ifthen package (DPC)
)
\@float@every@algorithm=\toks22
\c@algorithm=\count107
)
(/usr/local/texlive/2017/texmf-dist/tex/latex/algorithms/algorithmic.sty
Package: algorithmic 2009/08/24 v0.1 Document Style `algorithmic'

(/usr/local/texlive/2017/texmf-dist/tex/latex/graphics/keyval.sty
Package: keyval 2014/10/28 v1.15 key=value parser (DPC)
\KV@toks@=\toks23
)
\c@ALC@unique=\count108
\c@ALC@line=\count109
\c@ALC@rem=\count110
\c@ALC@depth=\count111
\ALC@tlm=\skip47
\algorithmicindent=\skip48
)
(/usr/local/texlive/2017/texmf-dist/tex/latex/graphics/graphicx.sty
Package: graphicx 2014/10/28 v1.0g Enhanced LaTeX Graphics (DPC,SPQR)

(/usr/local/texlive/2017/texmf-dist/tex/latex/graphics/graphics.sty
Package: graphics 2017/04/14 v1.1b Standard LaTeX Graphics (DPC,SPQR)

(/usr/local/texlive/2017/texmf-dist/tex/latex/graphics/trig.sty
Package: trig 2016/01/03 v1.10 sin cos tan (DPC)
)
(/usr/local/texlive/2017/texmf-dist/tex/latex/graphics-cfg/graphics.cfg
File: graphics.cfg 2016/06/04 v1.11 sample graphics configuration
)
Package graphics Info: Driver file: pdftex.def on input line 99.

(/usr/local/texlive/2017/texmf-dist/tex/latex/graphics-def/pdftex.def
File: pdftex.def 2017/01/12 v0.06k Graphics/color for pdfTeX

(/usr/local/texlive/2017/texmf-dist/tex/generic/oberdiek/infwarerr.sty
Package: infwarerr 2016/05/16 v1.4 Providing info/warning/error messages (HO)
)
(/usr/local/texlive/2017/texmf-dist/tex/generic/oberdiek/ltxcmds.sty
Package: ltxcmds 2016/05/16 v1.23 LaTeX kernel commands for general use (HO)
)
\Gread@gobject=\count112
))
\Gin@req@height=\dimen135
\Gin@req@width=\dimen136
)
(/usr/local/texlive/2017/texmf-dist/tex/latex/base/textcomp.sty
Package: textcomp 2017/04/05 v2.0i Standard LaTeX package
Package textcomp Info: Sub-encoding information:
(textcomp)               5 = only ISO-Adobe without \textcurrency
(textcomp)               4 = 5 + \texteuro
(textcomp)               3 = 4 + \textohm
(textcomp)               2 = 3 + \textestimated + \textcurrency
(textcomp)               1 = TS1 - \textcircled - \t
(textcomp)               0 = TS1 (full)
(textcomp)             Font families with sub-encoding setting implement
(textcomp)             only a restricted character set as indicated.
(textcomp)             Family '?' is the default used for unknown fonts.
(textcomp)             See the documentation for details.
Package textcomp Info: Setting ? sub-encoding to TS1/1 on input line 79.

(/usr/local/texlive/2017/texmf-dist/tex/latex/base/ts1enc.def
File: ts1enc.def 2001/06/05 v3.0e (jk/car/fm) Standard LaTeX file
)
LaTeX Info: Redefining \oldstylenums on input line 334.
Package textcomp Info: Setting cmr sub-encoding to TS1/0 on input line 349.
Package textcomp Info: Setting cmss sub-encoding to TS1/0 on input line 350.
Package textcomp Info: Setting cmtt sub-encoding to TS1/0 on input line 351.
Package textcomp Info: Setting cmvtt sub-encoding to TS1/0 on input line 352.
Package textcomp Info: Setting cmbr sub-encoding to TS1/0 on input line 353.
Package textcomp Info: Setting cmtl sub-encoding to TS1/0 on input line 354.
Package textcomp Info: Setting ccr sub-encoding to TS1/0 on input line 355.
Package textcomp Info: Setting ptm sub-encoding to TS1/4 on input line 356.
Package textcomp Info: Setting pcr sub-encoding to TS1/4 on input line 357.
Package textcomp Info: Setting phv sub-encoding to TS1/4 on input line 358.
Package textcomp Info: Setting ppl sub-encoding to TS1/3 on input line 359.
Package textcomp Info: Setting pag sub-encoding to TS1/4 on input line 360.
Package textcomp Info: Setting pbk sub-encoding to TS1/4 on input line 361.
Package textcomp Info: Setting pnc sub-encoding to TS1/4 on input line 362.
Package textcomp Info: Setting pzc sub-encoding to TS1/4 on input line 363.
Package textcomp Info: Setting bch sub-encoding to TS1/4 on input line 364.
Package textcomp Info: Setting put sub-encoding to TS1/5 on input line 365.
Package textcomp Info: Setting uag sub-encoding to TS1/5 on input line 366.
Package textcomp Info: Setting ugq sub-encoding to TS1/5 on input line 367.
Package textcomp Info: Setting ul8 sub-encoding to TS1/4 on input line 368.
Package textcomp Info: Setting ul9 sub-encoding to TS1/4 on input line 369.
Package textcomp Info: Setting augie sub-encoding to TS1/5 on input line 370.
Package textcomp Info: Setting dayrom sub-encoding to TS1/3 on input line 371.
Package textcomp Info: Setting dayroms sub-encoding to TS1/3 on input line 372.

Package textcomp Info: Setting pxr sub-encoding to TS1/0 on input line 373.
Package textcomp Info: Setting pxss sub-encoding to TS1/0 on input line 374.
Package textcomp Info: Setting pxtt sub-encoding to TS1/0 on input line 375.
Package textcomp Info: Setting txr sub-encoding to TS1/0 on input line 376.
Package textcomp Info: Setting txss sub-encoding to TS1/0 on input line 377.
Package textcomp Info: Setting txtt sub-encoding to TS1/0 on input line 378.
Package textcomp Info: Setting lmr sub-encoding to TS1/0 on input line 379.
Package textcomp Info: Setting lmdh sub-encoding to TS1/0 on input line 380.
Package textcomp Info: Setting lmss sub-encoding to TS1/0 on input line 381.
Package textcomp Info: Setting lmssq sub-encoding to TS1/0 on input line 382.
Package textcomp Info: Setting lmvtt sub-encoding to TS1/0 on input line 383.
Package textcomp Info: Setting lmtt sub-encoding to TS1/0 on input line 384.
Package textcomp Info: Setting qhv sub-encoding to TS1/0 on input line 385.
Package textcomp Info: Setting qag sub-encoding to TS1/0 on input line 386.
Package textcomp Info: Setting qbk sub-encoding to TS1/0 on input line 387.
Package textcomp Info: Setting qcr sub-encoding to TS1/0 on input line 388.
Package textcomp Info: Setting qcs sub-encoding to TS1/0 on input line 389.
Package textcomp Info: Setting qpl sub-encoding to TS1/0 on input line 390.
Package textcomp Info: Setting qtm sub-encoding to TS1/0 on input line 391.
Package textcomp Info: Setting qzc sub-encoding to TS1/0 on input line 392.
Package textcomp Info: Setting qhvc sub-encoding to TS1/0 on input line 393.
Package textcomp Info: Setting futs sub-encoding to TS1/4 on input line 394.
Package textcomp Info: Setting futx sub-encoding to TS1/4 on input line 395.
Package textcomp Info: Setting futj sub-encoding to TS1/4 on input line 396.
Package textcomp Info: Setting hlh sub-encoding to TS1/3 on input line 397.
Package textcomp Info: Setting hls sub-encoding to TS1/3 on input line 398.
Package textcomp Info: Setting hlst sub-encoding to TS1/3 on input line 399.
Package textcomp Info: Setting hlct sub-encoding to TS1/5 on input line 400.
Package textcomp Info: Setting hlx sub-encoding to TS1/5 on input line 401.
Package textcomp Info: Setting hlce sub-encoding to TS1/5 on input line 402.
Package textcomp Info: Setting hlcn sub-encoding to TS1/5 on input line 403.
Package textcomp Info: Setting hlcw sub-encoding to TS1/5 on input line 404.
Package textcomp Info: Setting hlcf sub-encoding to TS1/5 on input line 405.
Package textcomp Info: Setting pplx sub-encoding to TS1/3 on input line 406.
Package textcomp Info: Setting pplj sub-encoding to TS1/3 on input line 407.
Package textcomp Info: Setting ptmx sub-encoding to TS1/4 on input line 408.
Package textcomp Info: Setting ptmj sub-encoding to TS1/4 on input line 409.
)
(/usr/local/texlive/2017/texmf-dist/tex/latex/xcolor/xcolor.sty
Package: xcolor 2016/05/11 v2.12 LaTeX color extensions (UK)

(/usr/local/texlive/2017/texmf-dist/tex/latex/graphics-cfg/color.cfg
File: color.cfg 2016/01/02 v1.6 sample color configuration
)
Package xcolor Info: Driver file: pdftex.def on input line 225.
Package xcolor Info: Model `cmy' substituted by `cmy0' on input line 1348.
Package xcolor Info: Model `hsb' substituted by `rgb' on input line 1352.
Package xcolor Info: Model `RGB' extended on input line 1364.
Package xcolor Info: Model `HTML' substituted by `rgb' on input line 1366.
Package xcolor Info: Model `Hsb' substituted by `hsb' on input line 1367.
Package xcolor Info: Model `tHsb' substituted by `hsb' on input line 1368.
Package xcolor Info: Model `HSB' substituted by `hsb' on input line 1369.
Package xcolor Info: Model `Gray' substituted by `gray' on input line 1370.
Package xcolor Info: Model `wave' substituted by `hsb' on input line 1371.
)
(/usr/local/texlive/2017/texmf-dist/tex/latex/multirow/multirow.sty
Package: multirow 2016/11/25 v2.2 Span multiple rows of a table
\multirow@colwidth=\skip49
\multirow@cntb=\count113
\multirow@dima=\skip50
\bigstrutjot=\dimen137
)
(./conference_041818.aux)
\openout1 = `conference_041818.aux'.

LaTeX Font Info:    Checking defaults for OML/cmm/m/it on input line 14.
LaTeX Font Info:    ... okay on input line 14.
LaTeX Font Info:    Checking defaults for T1/cmr/m/n on input line 14.
LaTeX Font Info:    ... okay on input line 14.
LaTeX Font Info:    Checking defaults for OT1/cmr/m/n on input line 14.
LaTeX Font Info:    ... okay on input line 14.
LaTeX Font Info:    Checking defaults for OMS/cmsy/m/n on input line 14.
LaTeX Font Info:    ... okay on input line 14.
LaTeX Font Info:    Checking defaults for OMX/cmex/m/n on input line 14.
LaTeX Font Info:    ... okay on input line 14.
LaTeX Font Info:    Checking defaults for U/cmr/m/n on input line 14.
LaTeX Font Info:    ... okay on input line 14.
LaTeX Font Info:    Checking defaults for TS1/cmr/m/n on input line 14.
LaTeX Font Info:    Try loading font information for TS1+cmr on input line 14.

(/usr/local/texlive/2017/texmf-dist/tex/latex/base/ts1cmr.fd
File: ts1cmr.fd 2014/09/29 v2.5h Standard LaTeX font definitions
)
LaTeX Font Info:    ... okay on input line 14.

-- Lines per column: 56 (exact).
(/usr/local/texlive/2017/texmf-dist/tex/context/base/mkii/supp-pdf.mkii
[Loading MPS to PDF converter (version 2006.09.02).]
\scratchcounter=\count114
\scratchdimen=\dimen138
\scratchbox=\box32
\nofMPsegments=\count115
\nofMParguments=\count116
\everyMPshowfont=\toks24
\MPscratchCnt=\count117
\MPscratchDim=\dimen139
\MPnumerator=\count118
\makeMPintoPDFobject=\count119
\everyMPtoPDFconversion=\toks25
) (/usr/local/texlive/2017/texmf-dist/tex/generic/oberdiek/pdftexcmds.sty
Package: pdftexcmds 2017/03/19 v0.25 Utility functions of pdfTeX for LuaTeX (HO
)

(/usr/local/texlive/2017/texmf-dist/tex/generic/oberdiek/ifluatex.sty
Package: ifluatex 2016/05/16 v1.4 Provides the ifluatex switch (HO)
Package ifluatex Info: LuaTeX not detected.
)
(/usr/local/texlive/2017/texmf-dist/tex/generic/oberdiek/ifpdf.sty
Package: ifpdf 2017/03/15 v3.2 Provides the ifpdf switch
)
Package pdftexcmds Info: LuaTeX not detected.
Package pdftexcmds Info: \pdf@primitive is available.
Package pdftexcmds Info: \pdf@ifprimitive is available.
Package pdftexcmds Info: \pdfdraftmode found.
)
(/usr/local/texlive/2017/texmf-dist/tex/latex/oberdiek/epstopdf-base.sty
Package: epstopdf-base 2016/05/15 v2.6 Base part for package epstopdf

(/usr/local/texlive/2017/texmf-dist/tex/latex/oberdiek/grfext.sty
Package: grfext 2016/05/16 v1.2 Manage graphics extensions (HO)

(/usr/local/texlive/2017/texmf-dist/tex/generic/oberdiek/kvdefinekeys.sty
Package: kvdefinekeys 2016/05/16 v1.4 Define keys (HO)
))
(/usr/local/texlive/2017/texmf-dist/tex/latex/oberdiek/kvoptions.sty
Package: kvoptions 2016/05/16 v3.12 Key value format for package options (HO)

(/usr/local/texlive/2017/texmf-dist/tex/generic/oberdiek/kvsetkeys.sty
Package: kvsetkeys 2016/05/16 v1.17 Key value parser (HO)

(/usr/local/texlive/2017/texmf-dist/tex/generic/oberdiek/etexcmds.sty
Package: etexcmds 2016/05/16 v1.6 Avoid name clashes with e-TeX commands (HO)
Package etexcmds Info: Could not find \expanded.
(etexcmds)             That can mean that you are not using pdfTeX 1.50 or
(etexcmds)             that some package has redefined \expanded.
(etexcmds)             In the latter case, load this package earlier.
)))
Package epstopdf-base Info: Redefining graphics rule for `.eps' on input line 4
38.
Package grfext Info: Graphics extension search list:
(grfext)             [.png,.pdf,.jpg,.mps,.jpeg,.jbig2,.jb2,.PNG,.PDF,.JPG,.JPE
G,.JBIG2,.JB2,.eps]
(grfext)             \AppendGraphicsExtensions on input line 456.

(/usr/local/texlive/2017/texmf-dist/tex/latex/latexconfig/epstopdf-sys.cfg
File: epstopdf-sys.cfg 2010/07/13 v1.3 Configuration of (r)epstopdf for TeX Liv
e
))
LaTeX Font Info:    Calculating math sizes for size <11> on input line 62.
LaTeX Font Info:    Try loading font information for U+msa on input line 62.

(/usr/local/texlive/2017/texmf-dist/tex/latex/amsfonts/umsa.fd
File: umsa.fd 2013/01/14 v3.01 AMS symbols A
)
LaTeX Font Info:    Try loading font information for U+msb on input line 62.

(/usr/local/texlive/2017/texmf-dist/tex/latex/amsfonts/umsb.fd
File: umsb.fd 2013/01/14 v3.01 AMS symbols B
) [1{/usr/local/texlive/2017/texmf-var/fonts/map/pdftex/updmap/pdftex.map}


] [2]
Package epstopdf Info: Source file: <cnnlstm.eps>
(epstopdf)                    date: 2019-02-26 21:43:49
(epstopdf)                    size: 84923 bytes
(epstopdf)             Output file: <cnnlstm-eps-converted-to.pdf>
(epstopdf)                    date: 2019-02-26 22:11:39
(epstopdf)                    size: 16725 bytes
(epstopdf)             Command: <repstopdf --outfile=cnnlstm-eps-converted-to.p
df cnnlstm.eps>
(epstopdf)             \includegraphics on input line 173.
Package epstopdf Info: Output file is already uptodate.

<cnnlstm-eps-converted-to.pdf, id=13, 469.755pt x 221.82875pt>
File: cnnlstm-eps-converted-to.pdf Graphic file (type pdf)

<use cnnlstm-eps-converted-to.pdf>
Package pdftex.def Info: cnnlstm-eps-converted-to.pdf used on input line 173.
(pdftex.def)             Requested size: 232.19843pt x 109.64816pt.
LaTeX Font Info:    Try loading font information for OMS+ptm on input line 184.


(/usr/local/texlive/2017/texmf-dist/tex/latex/psnfss/omsptm.fd
File: omsptm.fd 
)
LaTeX Font Info:    Font shape `OMS/ptm/m/n' in size <10> not available
(Font)              Font shape `OMS/cmsy/m/n' tried instead on input line 184.
Package epstopdf Info: Source file: <online_architecture_new.eps>
(epstopdf)                    date: 2019-03-12 22:33:05
(epstopdf)                    size: 240290 bytes
(epstopdf)             Output file: <online_architecture_new-eps-converted-to.p
df>
(epstopdf)                    date: 2019-03-12 22:36:08
(epstopdf)                    size: 62688 bytes
(epstopdf)             Command: <repstopdf --outfile=online_architecture_new-ep
s-converted-to.pdf online_architecture_new.eps>
(epstopdf)             \includegraphics on input line 189.
Package epstopdf Info: Output file is already uptodate.

<online_architecture_new-eps-converted-to.pdf, id=14, 767.86874pt x 436.63126pt
>
File: online_architecture_new-eps-converted-to.pdf Graphic file (type pdf)
 <use online_architecture_new-eps-converted-to.pdf>
Package pdftex.def Info: online_architecture_new-eps-converted-to.pdf used on i
nput line 189.
(pdftex.def)             Requested size: 232.19843pt x 132.02972pt.
Package epstopdf Info: Source file: <storm.eps>
(epstopdf)                    date: 2019-02-17 17:04:15
(epstopdf)                    size: 1323206 bytes
(epstopdf)             Output file: <storm-eps-converted-to.pdf>
(epstopdf)                    date: 2019-02-17 17:04:15
(epstopdf)                    size: 106507 bytes
(epstopdf)             Command: <repstopdf --outfile=storm-eps-converted-to.pdf
 storm.eps>
(epstopdf)             \includegraphics on input line 198.
Package epstopdf Info: Output file is already uptodate.

<storm-eps-converted-to.pdf, id=15, 1029.8475pt x 346.29375pt>
File: storm-eps-converted-to.pdf Graphic file (type pdf)

<use storm-eps-converted-to.pdf>
Package pdftex.def Info: storm-eps-converted-to.pdf used on input line 198.
(pdftex.def)             Requested size: 247.6778pt x 83.28128pt.
Package epstopdf Info: Source file: <dataset.eps>
(epstopdf)                    date: 2019-02-17 17:04:15
(epstopdf)                    size: 77559 bytes
(epstopdf)             Output file: <dataset-eps-converted-to.pdf>
(epstopdf)                    date: 2019-02-17 17:04:15
(epstopdf)                    size: 14078 bytes
(epstopdf)             Command: <repstopdf --outfile=dataset-eps-converted-to.p
df dataset.eps>
(epstopdf)             \includegraphics on input line 213.
Package epstopdf Info: Output file is already uptodate.

<dataset-eps-converted-to.pdf, id=16, 626.34pt x 236.885pt>
File: dataset-eps-converted-to.pdf Graphic file (type pdf)

<use dataset-eps-converted-to.pdf>
Package pdftex.def Info: dataset-eps-converted-to.pdf used on input line 213.
(pdftex.def)             Requested size: 232.19843pt x 87.81956pt.
 [3 <./cnnlstm-eps-converted-to.pdf> <./online_architecture_new-eps-converted-t
o.pdf> <./storm-eps-converted-to.pdf>]
Underfull \hbox (badness 10000) in paragraph at lines 246--248
\OT1/ptm/m/n/10 where $\OT1/cmr/m/n/10 ([]\OML/cmm/m/it/10 ; []; [][]; []; []\O
T1/cmr/m/n/10 )$ \OT1/ptm/m/n/10 de-notes the ma-trix
 []


Underfull \hbox (badness 10000) in paragraph at lines 246--248
\OT1/ptm/m/n/10 to be in-putted into Soft-max in the 8th layer;
 []


Underfull \hbox (badness 10000) in paragraph at lines 246--248
\OT1/cmr/m/n/10 ([]([])\OML/cmm/m/it/10 ; []\OT1/cmr/m/n/10 ([])\OML/cmm/m/it/1
0 ; []; []\OT1/cmr/m/n/10 ([])\OML/cmm/m/it/10 ; []; []\OT1/cmr/m/n/10 ([]))$ \
OT1/ptm/m/n/10 is the out-put of
 []


Underfull \hbox (badness 1721) in paragraph at lines 246--248
\OT1/ptm/m/n/10 the 8th layer, it is pos-te-rior prob-a-bil-ity dis-tri-bu-tion
 of
 []

Package epstopdf Info: Source file: <flow.eps>
(epstopdf)                    date: 2019-03-22 21:31:25
(epstopdf)                    size: 90807 bytes
(epstopdf)             Output file: <flow-eps-converted-to.pdf>
(epstopdf)                    date: 2019-03-22 21:32:53
(epstopdf)                    size: 19661 bytes
(epstopdf)             Command: <repstopdf --outfile=flow-eps-converted-to.pdf 
flow.eps>
(epstopdf)             \includegraphics on input line 255.
Package epstopdf Info: Output file is already uptodate.
<flow-eps-converted-to.pdf, id=91, 701.62125pt x 137.51375pt>
File: flow-eps-converted-to.pdf Graphic file (type pdf)

<use flow-eps-converted-to.pdf>
Package pdftex.def Info: flow-eps-converted-to.pdf used on input line 255.
(pdftex.def)             Requested size: 232.19843pt x 45.50977pt.
 [4 <./dataset-eps-converted-to.pdf> <./flow-eps-converted-to.pdf>] [5]
Overfull \hbox (2.33344pt too wide) in paragraph at lines 395--419
 [][] 
 []

Package epstopdf Info: Source file: <fprtpr.eps>
(epstopdf)                    date: 2019-03-22 16:11:29
(epstopdf)                    size: 5304830 bytes
(epstopdf)             Output file: <fprtpr-eps-converted-to.pdf>
(epstopdf)                    date: 2019-03-22 16:11:29
(epstopdf)                    size: 1021640 bytes
(epstopdf)             Command: <repstopdf --outfile=fprtpr-eps-converted-to.pd
f fprtpr.eps>
(epstopdf)             \includegraphics on input line 433.
Package epstopdf Info: Output file is already uptodate.


pdfTeX warning: /Library/TeX/texbin/pdflatex (file ./fprtpr-eps-converted-to.pd
f): PDF inclusion: found PDF version <1.7>, but at most version <1.5> allowed
<fprtpr-eps-converted-to.pdf, id=143, 825.0825pt x 577.15625pt>
File: fprtpr-eps-converted-to.pdf Graphic file (type pdf)

<use fprtpr-eps-converted-to.pdf>
Package pdftex.def Info: fprtpr-eps-converted-to.pdf used on input line 433.
(pdftex.def)             Requested size: 516.0pt x 360.95073pt.
Package epstopdf Info: Source file: <tf.eps>
(epstopdf)                    date: 2019-03-22 16:11:29
(epstopdf)                    size: 5411506 bytes
(epstopdf)             Output file: <tf-eps-converted-to.pdf>
(epstopdf)                    date: 2019-03-22 16:11:29
(epstopdf)                    size: 1214308 bytes
(epstopdf)             Command: <repstopdf --outfile=tf-eps-converted-to.pdf tf
.eps>
(epstopdf)             \includegraphics on input line 447.
Package epstopdf Info: Output file is already uptodate.


pdfTeX warning: /Library/TeX/texbin/pdflatex (file ./tf-eps-converted-to.pdf): 
PDF inclusion: found PDF version <1.7>, but at most version <1.5> allowed
<tf-eps-converted-to.pdf, id=144, 657.45625pt x 311.1625pt>
File: tf-eps-converted-to.pdf Graphic file (type pdf)

<use tf-eps-converted-to.pdf>
Package pdftex.def Info: tf-eps-converted-to.pdf used on input line 447.
(pdftex.def)             Requested size: 232.19843pt x 109.89133pt.
Package epstopdf Info: Source file: <ml.eps>
(epstopdf)                    date: 2019-03-22 16:11:29
(epstopdf)                    size: 68857 bytes
(epstopdf)             Output file: <ml-eps-converted-to.pdf>
(epstopdf)                    date: 2019-03-22 16:11:29
(epstopdf)                    size: 30338 bytes
(epstopdf)             Command: <repstopdf --outfile=ml-eps-converted-to.pdf ml
.eps>
(epstopdf)             \includegraphics on input line 455.
Package epstopdf Info: Output file is already uptodate.


pdfTeX warning: /Library/TeX/texbin/pdflatex (file ./ml-eps-converted-to.pdf): 
PDF inclusion: found PDF version <1.7>, but at most version <1.5> allowed
<ml-eps-converted-to.pdf, id=145, 541.02126pt x 496.85625pt>
File: ml-eps-converted-to.pdf Graphic file (type pdf)

<use ml-eps-converted-to.pdf>
Package pdftex.def Info: ml-eps-converted-to.pdf used on input line 455.
(pdftex.def)             Requested size: 154.80157pt x 142.15894pt.

Overfull \hbox (1.85895pt too wide) in paragraph at lines 468--468
[]\OT1/ptm/b/n/8 Model| 
 []


Overfull \hbox (2.78154pt too wide) in paragraph at lines 468--468
[]\OT1/ptm/b/n/8 k=10| 
 []


Overfull \hbox (2.78154pt too wide) in paragraph at lines 468--468
[]\OT1/ptm/b/n/8 k=20| 
 []


Overfull \hbox (2.78154pt too wide) in paragraph at lines 468--468
[]\OT1/ptm/b/n/8 k=30| 
 []


Overfull \hbox (2.78154pt too wide) in paragraph at lines 468--468
[]\OT1/ptm/b/n/8 k=40| 
 []


Overfull \hbox (3.93608pt too wide) in paragraph at lines 468--469
[]\OT1/ptm/b/n/8 k=100| 
 []


Overfull \hbox (5.13083pt too wide) in paragraph at lines 470--470
[]\OT1/ptm/m/n/8 Time(s)| 
 []


Overfull \hbox (3.77364pt too wide) in paragraph at lines 470--470
[]\OT1/ptm/m/n/8 27.55| 
 []


Overfull \hbox (3.77364pt too wide) in paragraph at lines 470--470
[]\OT1/ptm/m/n/8 20.12| 
 []


Overfull \hbox (3.77364pt too wide) in paragraph at lines 470--470
[]\OT1/ptm/m/n/8 29.09| 
 []


Overfull \hbox (3.77364pt too wide) in paragraph at lines 470--470
[]\OT1/ptm/m/n/8 30.53| 
 []


Overfull \hbox (3.77364pt too wide) in paragraph at lines 470--470
[]\OT1/ptm/m/n/8 48.00| 
 []


Overfull \hbox (3.77364pt too wide) in paragraph at lines 470--470
[]\OT1/ptm/m/n/8 73.62| 
 []


Overfull \hbox (4.92818pt too wide) in paragraph at lines 470--470
[]\OT1/ptm/m/n/8 141.33| 
 []


Overfull \hbox (4.92818pt too wide) in paragraph at lines 470--471
[]\OT1/ptm/m/n/8 309.51| 
 []

[6] (./conference_041818.bbl [7 <./fprtpr-eps-converted-to.pdf>])

** Conference Paper **
Before submitting the final camera ready copy, remember to:

 1. Manually equalize the lengths of two columns on the last page
 of your paper;

 2. Ensure that any PostScript and/or PDF output post-processing
 uses only Type 1 fonts and that every step in the generation
 process uses the appropriate paper size.

[8 <./tf-eps-converted-to.pdf> <./ml-eps-converted-to.pdf>]
(./conference_041818.aux) ) 
Here is how much of TeX's memory you used:
 4718 strings out of 492995
 69083 string characters out of 6132704
 149074 words of memory out of 5000000
 8179 multiletter control sequences out of 15000+600000
 48378 words of font info for 102 fonts, out of 8000000 for 9000
 1141 hyphenation exceptions out of 8191
 39i,11n,35p,1563b,532s stack positions out of 5000i,500n,10000p,200000b,80000s
{/usr/local/texlive/2017/texmf-dist/fonts/enc/dvips/
base/8r.enc}</usr/local/texlive/2017/texmf-dist/fonts/type1/public/amsfonts/cm/
cmex10.pfb></usr/local/texlive/2017/texmf-dist/fonts/type1/public/amsfonts/cm/c
mmi10.pfb></usr/local/texlive/2017/texmf-dist/fonts/type1/public/amsfonts/cm/cm
mi5.pfb></usr/local/texlive/2017/texmf-dist/fonts/type1/public/amsfonts/cm/cmmi
6.pfb></usr/local/texlive/2017/texmf-dist/fonts/type1/public/amsfonts/cm/cmmi7.
pfb></usr/local/texlive/2017/texmf-dist/fonts/type1/public/amsfonts/cm/cmmi8.pf
b></usr/local/texlive/2017/texmf-dist/fonts/type1/public/amsfonts/cm/cmr10.pfb>
</usr/local/texlive/2017/texmf-dist/fonts/type1/public/amsfonts/cm/cmr6.pfb></u
sr/local/texlive/2017/texmf-dist/fonts/type1/public/amsfonts/cm/cmr7.pfb></usr/
local/texlive/2017/texmf-dist/fonts/type1/public/amsfonts/cm/cmr8.pfb></usr/loc
al/texlive/2017/texmf-dist/fonts/type1/public/amsfonts/cm/cmsy10.pfb></usr/loca
l/texlive/2017/texmf-dist/fonts/type1/public/amsfonts/cm/cmsy7.pfb></usr/local/
texlive/2017/texmf-dist/fonts/type1/public/amsfonts/cm/cmsy8.pfb></usr/local/te
xlive/2017/texmf-dist/fonts/type1/urw/times/utmb8a.pfb></usr/local/texlive/2017
/texmf-dist/fonts/type1/urw/times/utmbi8a.pfb></usr/local/texlive/2017/texmf-di
st/fonts/type1/urw/times/utmr8a.pfb></usr/local/texlive/2017/texmf-dist/fonts/t
ype1/urw/times/utmri8a.pfb>
Output written on conference_041818.pdf (8 pages, 2664929 bytes).
PDF statistics:
 357 PDF objects out of 1000 (max. 8388607)
 151 compressed objects within 2 object streams
 0 named destinations out of 1000 (max. 500000)
 41 words of extra memory for PDF output out of 10000 (max. 10000000)

